<?xml version="1.0" encoding="UTF-8"?>
<testng-results skipped="0" failed="0" ignored="0" total="1" passed="1">
  <reporter-output>
  </reporter-output>
  <suite name="Default suite" duration-ms="476020" started-at="2017-08-03T12:18:37Z" finished-at="2017-08-03T12:26:33Z">
    <groups>
    </groups>
    <test name="Default test" duration-ms="476020" started-at="2017-08-03T12:18:37Z" finished-at="2017-08-03T12:26:33Z">
      <class name="finalTest.FinalTest">
        <test-method status="PASS" signature="f()[pri:0, instance:finalTest.FinalTest@4dfa3a9d]" name="f" is-config="true" duration-ms="62004" started-at="2017-08-03T17:48:37Z" finished-at="2017-08-03T17:49:39Z">
          <reporter-output>
          </reporter-output>
        </test-method> <!-- f -->
        <test-method status="PASS" signature="g()[pri:0, instance:finalTest.FinalTest@4dfa3a9d]" name="g" duration-ms="380632" started-at="2017-08-03T17:49:39Z" finished-at="2017-08-03T17:55:59Z">
          <reporter-output>
          </reporter-output>
        </test-method> <!-- g -->
        <test-method status="PASS" signature="h()[pri:0, instance:finalTest.FinalTest@4dfa3a9d]" name="h" is-config="true" duration-ms="33352" started-at="2017-08-03T17:55:59Z" finished-at="2017-08-03T17:56:33Z">
          <reporter-output>
          </reporter-output>
        </test-method> <!-- h -->
      </class> <!-- finalTest.FinalTest -->
    </test> <!-- Default test -->
  </suite> <!-- Default suite -->
</testng-results>
